614894
658
29019
8344
9795
1931
13007
1311
1125
17450
14098
20886
1160
28996
1445
1288
1426
1480
1349
28517
31126
1400
12776
1854
726
11464
15630
3610
14185
3815
11316
11884
2161
11615
3967
2752
22984
17320
4867
3429
3714
2824
3706
11192
3398
11315
3102
4082
4174
3975
16852
3756
21891
11429
28484
4472
4471
6038
5266
13324
22786
22436
14258
5924
5324
6842
25804
15108
17010
5901
28659
21072
6928
6917
19778
29977
18218
7935
21816
30733
7545
30329
7852
17805
7570
8625
12130
17358
10363
15788
8877
8877
8349
13247
22305
8193
13112
8319
8468
9620
22146
10049
9524
20198
10691
9903
26184
9580
15443
10164
11358
10685
11263
13255
30671
17850
11746
11817
12107
31253
12229
12964
23146
18381
13005
13751
13472
14922
17930
13665
14626
13922
15322
15283
16044
15068
30771
15390
18887
23570
17582
19060
16910
17124
18077
17917
19534
26555
19513
20014
31084
19806
20941
21047
21806
20385
21508
21643
21533
22429
22027
23859
26140
23499
24334
23711
23185
24954
23451
23434
26274
25203
26755
25482
25062
25797
25995
27241
25903
28055
27374
28225
27063
26698
31516
31433
28078
26880
28325
28773
32708
29868
29983
29217
30205
30736
31374
31105
32137
31543
32422
32296
33920
33910
33740
34798
35195
35663
36164
35341
35726
36714
36579
37291
37848
38322
39390
39998
40633
40470
41573
41821
42478
41528
42179
44379
43885
43988
45314
45244
45336
46319
47207
46089
47269
47107
47201
46884
48478
48809
49422
49033
50076
49491
50275
51527
50963
52402
51213
52732
51802
51881
52613
53518
53270
52922
53072
53466
54931
55065
54755
55377
55229
56725
57340
57263
56322
58014
58058
57978
59723
59101
59765
60670
61138
61273
61379
61434
62909
63455
63544
62380
64764
65560
65902
66162
67045
66766
67364
67085
67602
67837
68038
69030
69042
69409
70524
70557
70502
71977
71336
72028
72840
74147
73576
74236
75339
76276
76544
76623
76938
77918
78894
79651
79601
79924
80889
82041
82608
83047
82409
83269
84541
83860
84497
84580
85393
86164
85525
86997
86699
86875
87849
87970
87789
89097
89986
89813
89902
91305
90880
90398
90726
91623
91746
92345
92976
92802
93083
93143
93996
96143
95674
96551
97220
97478
97020
97568
98574
99016
99389
101079
100643
101068
101668
101991
102914
103123
103305
104349
105117
105860
106069
106876
107888
108456
109559
111423
111219
111802
113134
114104
114991
116206
118536
119033
119361
119714
120414
120842
121462
121281
122285
124114
125643
125826
125584
127233
127412
128907
130088
131663
131673
132959
133133
132745
134046
135339
135780
136317
137077
137835
138922
141076
141126
141883
143002
143650
144954
144453
145034
145858
145620
147311
149496
149685
150181
150437
151633
151584
153210
154431
153622
155410
154935
156082
156833
157227
158599
158348
158937
160115
160756
161372
163260
163901
165825
166276
166643
168285
168187
168461
169639
170436
170658
172120
171270
171211
171702
173592
173635
173825
173937
174583
175838
177900
178233
178983
180100
180377
181710
181403
183520
183592
185120
184757
186048
187375
187837
187738
188059
188685
189689
190911
190087
191365
191346
191447
193204
193551
194967
194880
196210
197445
196690
198920
199215
200338
200700
202596
203172
205504
205205
206404
207624
207926
209191
209180
209983
211315
211953
213813
213904
214982
215390
216706
217729
218271
219457
219775
220891
222435
223702
223951
225979
225992
225643
225305
225815
225074
225875
227670
228567
228886
230281
229942
231007
232603
231788
232576
233717
234527
235773
236593
237521
238059
240516
241216
240436
242172
242367
243010
244044
245896
247521
248234
248350
248644
249734
250752
251722
252022
253048
255230
256617
257216
258459
258290
260636
261063
262662
263007
262580
263581
265643
264910
265103
267523
268156
269595
271087
270564
272662
272832
274626
275023
275502
277458
277402
278590
280792
281753
282765
283618
285332
285913
285326
286880
289271
288537
290677
290009
291459
292803
292731
293383
294445
295430
297100
296871
297891
298265
299686
300297
300217
300624
301834
303907
305422
307178
306630
307194
308485
309377
309696
310354
312203
313743
314775
316879
317192
318188
317790
318666
320421
320716
319940
321368
322538
324143
324784
325013
325921
326622
327384
327725
330009
331604
332345
333883
334477
334659
335614
336857
339409
339566
340854
341588
342778
343836
345672
346611
347282
349347
349508
351148
353388
354611
355317
355500
357217
358044
358164
359760
361351
361424
362724
364590
364498
364893
365645
366798
367536
368734
369374
368643
369575
369776
371769
372062
375094
375045
376862
377826
378747
380111
381124
382655
384299
384694
386387
387062
388643
388896
390890
393034
394127
394069
394644
394628
397423
397422
398613
400305
401965
402614
405032
406898
407851
408557
410275
411660
411177
413046
414261
415459
415956
415557
415253
416127
418273
419168
418849
420737
420820
421825
423035
423255
424631
424927
425854
427817
428449
431042
432113
433275
434076
435436
437205
436796
437666
438168
438550
438581
439896
440011
441449
442927
444313
446596
448110
451602
451254
452197
453098
453676
456628
457874
459742
459748
461392
462729
463350
464562
465290
466566
468992
470844
471352
471264
471054
473135
475111
476287
476888
479214
479913
482327
483165
483682
485245
487403
487073
490395
492548
493209
494681
496277
497623
498181
498378
499358
500747
501859
502334
503424
505473
506360
507771
508734
510833
512904
512687
513083
516844
519221
520026
519568
522566
523705
523703
525143
526628
527404
528057
529245
532993
534180
534635
533872
535403
535547
537498
538048
539106
540003
542106
543958
544409
544934
546605
547235
549425
549560
551928
554792
555325
558104
559201
562837
564156
565832
565669
567582
570365
571231
572882
574252
575410
577606
579333
579875
580056
581589
583688
583812
585636
586569
587975
589669
590286
592419
593607
594828
596330
598747
600503
600891
603146
604941
607523
609283
609717
610377
610380
611189
613679
615319
616770
616577
618020
619873
622572
625820
628668
629628
631879
631507
633935
635241
637423
640193
641919
644953
644511
645076
645146
645322
645518
646736
647867
649443
652554
652902
654701
655782
658137
658877
659830
661044
662703
664795
666920
668276
670695
671214
671372
673628
675445
676010
677841
677729
677567
679299
678676
680517
681501
683233
685201
685116
686672
687521
688049
688526
690590
691368
692342
693409
696353
699061
699561
700769
700802
702943
705004
707173
709322
710594
713732
714332
714048
715482
715309
716030
717124
719460
721139
720380
721095
722761
724520
725251
727753
729599
732115
734016
734639
735589
737696
736841
739771
742381
743832
747279
748297
747294
749779
751921
754829
755256
758699
761236
761572
762273
764947
766372
767211
767406
768807
770605
771781
