110478
434
248
2339
4236
1550
2278
5182
11413
13318
11947
904
647
17253
8112
1621
25128
1977
18136
21046
16213
1029
2969
14169
25654
22902
12187
13892
8669
27782
22645
11488
22485
23151
16541
2570
2882
13371
26495
2589
2248
10784
15050
3742
3649
19439
23698
7146
3169
7552
2700
8908
2601
22884
10083
4590
3494
4352
3053
23831
17390
23171
23224
10586
4807
24494
3999
26883
4346
16696
10418
24241
7092
4128
20178
8119
10037
4426
7804
10249
23493
13850
28246
28218
9431
9508
9013
27136
28964
14038
6206
28915
12184
6360
6181
30967
9342
17691
14018
7302
7059
18921
19102
7670
9303
8307
30132
8353
9254
30125
19518
14659
18879
29419
9818
14583
15372
10426
10459
15637
25739
30545
11226
12873
11587
11569
13227
12992
12588
13255
12812
12831
31095
19436
13912
29784
16288
14989
16177
15004
16589
24720
30925
15783
16325
30500
19393
17857
17523
26235
18953
17649
17730
18422
18638
19630
18570
20041
19195
24694
31212
20440
20563
21455
21377
30915
20884
20706
22387
22164
21316
21983
32176
22423
25225
22549
23732
25702
22836
25650
23574
23657
25078
25103
24862
26112
26557
27504
26367
27141
27077
31333
27717
29121
29077
28712
29044
29440
28815
31904
29189
31694
29457
31008
33023
32076
31268
31791
33802
33651
34084
34958
36310
36340
37006
37108
36890
37079
38055
38576
39901
40176
40663
41260
42089
40953
41829
42309
42077
42246
43237
43512
44789
45112
45016
45951
45245
46439
46548
46423
48099
47732
47865
48281
49504
48676
49930
51765
51335
51744
51687
52229
51256
51388
52300
53119
52593
53735
53841
54084
55323
55422
55456
56132
57775
57901
57883
58003
59035
60224
60947
60373
61057
60660
62746
63082
63296
63595
63305
63533
63089
64543
64541
64756
65499
65764
66833
66463
66994
67727
68458
67847
68734
70066
69899
71791
71163
72499
73167
73515
73971
74825
74740
75234
75677
76601
77453
77857
77363
78615
77543
77708
78374
79119
80162
81097
81687
81601
81982
83265
83471
84127
83994
83830
84807
85569
85766
86105
85608
85416
86247
87125
86208
87103
87434
88345
88688
89603
89807
90867
91405
91255
92448
93764
94220
94831
95046
95541
96272
97133
98033
97666
99157
99543
99390
99456
100176
100543
101149
101444
101694
101372
101705
102300
104156
104000
104862
105083
105897
106710
105955
107068
107217
109440
109447
110106
110676
111207
110998
111560
111970
112484
113372
112985
113177
115048
115505
116417
118035
117571
119226
119339
119889
119770
119776
120834
120726
122338
122195
123849
124101
125357
126109
127017
126801
126726
127987
129553
129750
130961
130948
131346
132273
132439
133669
133342
134276
135658
135960
137226
137329
137430
137646
138137
139478
140688
140847
142035
141858
144265
144892
145283
145945
146092
147351
147556
147953
148701
148785
150104
150277
151786
153685
154647
154673
156144
157214
158725
158290
159493
159772
159819
160437
161079
161201
162348
162025
162978
164463
164730
164829
165942
166269
166959
167522
169522
168641
170808
170775
170481
172002
171673
173729
173880
175073
176260
175681
177744
178088
178117
179339
178905
179770
180253
181297
180901
182955
183098
182718
182898
183815
186143
186742
187443
187453
187955
188190
189111
189502
190725
192210
