120474
484
1878
504
1431
1256
1700
1840
2969
20298
16442
11585
1115
4688
8455
26402
8680
2013
18127
24931
3794
20827
7460
11414
25140
6083
17225
17933
3627
2689
2555
18090
3546
25104
4103
11565
7412
3037
7128
25511
2894
12525
3178
3281
13757
4958
4735
12962
14454
9104
6124
9422
8962
12949
14360
5084
18513
5923
26009
11705
11970
10359
22881
26293
18279
21058
17977
18091
6851
22588
8328
12937
13105
7969
14755
8208
7432
8489
8547
26489
8374
13066
8406
13299
10538
9316
25964
10062
10425
12149
15072
10829
15552
12579
12037
11014
11678
10428
12640
19302
11566
19704
24770
12853
12852
12702
19211
12989
13267
16365
21435
14965
23137
16582
15725
15536
16493
15472
16376
17330
15643
26966
27081
17819
17438
17838
18131
18089
17969
20078
19387
20770
20709
20000
19444
20434
23592
20680
20912
20596
20391
21732
27488
22745
22546
21701
23183
22517
22838
26642
23281
22524
22767
24987
22793
26803
24391
23825
23397
24306
23641
26010
26987
26142
25870
26379
26511
27642
26948
27633
29037
27974
28224
28559
28762
29767
30854
29880
30196
30727
31025
30805
31649
31554
31190
31451
31564
32509
31560
31946
32759
33047
32872
34140
35000
34777
35101
35053
36411
37111
36586
36369
37430
37897
38079
37562
38576
38013
38326
39058
38373
39762
39730
39958
40827
41425
41580
42477
41955
42593
43535
43591
44950
43938
45159
44813
45748
46587
45822
46076
45906
46724
46767
47320
47558
47615
47647
49023
49189
49055
49509
50213
49959
49672
50777
51774
51944
52719
52909
53975
54200
53826
55024
54934
55453
56981
56981
57577
57119
58581
59047
61266
60694
61406
62029
61571
62230
63099
62796
63062
64566
63850
63930
66029
65985
66695
65931
67157
67126
68359
67536
67915
69061
68589
69482
69741
70214
71442
72684
73297
73248
73451
74433
75191
76139
76121
75429
76804
77042
77725
78046
78175
78556
79186
79084
79875
80922
81101
81634
82263
82246
81990
82956
82926
83446
84776
84936
85588
86590
87381
88033
88071
88672
88584
89908
90409
91181
91065
91489
91943
92285
93387
93640
93612
93767
94522
95389
95725
96871
96255
98124
98660
98736
98782
99328
100073
101262
101642
102567
103665
103252
105403
106421
106298
108637
109179
109216
110043
110501
111212
111756
112046
111738
112816
113559
114507
113673
114892
116705
115707
115804
116910
118318
117942
118338
118769
119580
119618
120441
120681
122207
122536
123630
123745
125670
125770
127280
126787
127619
129453
129820
130699
132735
132855
133586
134177
136522
136046
137566
137479
138320
138431
139126
139964
138786
140329
140300
141107
140742
140919
141071
141993
144106
144050
144066
143817
144638
144838
145255
147569
147264
148760
148946
149458
150791
151182
153189
152563
153317
154095
155803
155794
156330
156356
157134
158423
159243
160999
160639
161495
161545
162052
162862
163038
164443
164410
165218
165777
167300
168068
167940
168864
169388
170798
171168
171651
171991
172603
173253
174080
173323
175447
176059
177404
177434
178231
178433
179315
178790
179087
180291
181568
182413
182647
183322
184742
184679
186185
186601
187212
188527
190163
190857
190489
191175
191851
192286
191278
192720
192301
193507
193601
194070
196003
195398
196762
197996
197280
197806
198914
199441
