117140
217
19541
15514
105
20656
2457
19529
22407
8360
23060
7313
682
5596
6939
12397
23506
3762
563
7285
9287
5988
16057
7846
14419
6806
14146
4750
11570
2159
26692
26994
11643
10809
2172
22090
13194
2308
11144
22620
10199
19394
3091
4959
16221
4615
5260
15327
4168
4117
3610
20173
5786
3983
3978
6468
24074
11637
20145
11284
20491
25415
10405
4863
11437
5076
4672
8620
13205
5243
5937
9584
19854
6459
5654
24973
5839
5789
6102
6443
6792
21312
6557
6995
7648
7865
7840
7595
8663
9627
13710
8702
20265
9596
16048
11533
9303
9987
9885
15985
10848
12903
25233
10263
17155
10674
16572
11189
10909
11753
14071
16581
16178
25669
22086
13866
12888
18402
18555
13332
13994
21420
22728
13898
15226
15523
26352
15092
19115
15680
15182
22004
15472
21457
15935
25565
26183
17091
16569
19106
16998
18614
27440
17853
18761
26313
17975
19081
19293
18848
18924
20070
21534
27564
21513
22897
22221
21917
22158
23522
22754
23810
22818
24664
24739
23417
24987
25016
25299
24633
25163
25063
26261
27365
27745
27836
28057
28331
27228
27723
28572
28331
29000
29376
30959
30597
29814
31149
30378
30858
32466
32682
33188
32706
32626
33995
34553
33572
34437
34841
36223
35615
37546
37055
37312
38227
38913
38990
39317
38627
38315
39089
40187
40186
41012
40958
40943
41619
41383
41180
41910
41412
41779
41966
42107
42931
43842
44171
44526
44868
45212
44179
45631
46253
46331
46020
46929
46642
48167
48826
49031
48613
49647
49575
49589
50549
51481
51282
51434
52313
52198
53832
53859
54058
55178
55332
55209
56315
56825
57993
58208
58032
59518
60408
59520
60878
60615
61310
62706
62296
63924
62842
63612
63860
65522
65391
64990
64816
65709
64976
65976
66526
67363
67912
68620
69337
69239
68927
70505
70327
70698
71573
72459
72421
73043
74195
73750
73853
73857
74516
75312
74734
76222
76376
77136
76945
77560
77889
78010
78315
78167
78981
79755
80196
79892
80870
81411
82055
82638
82708
83797
84337
84901
84862
86320
85653
86623
87052
86934
88354
89062
89636
90659
90421
90350
91696
92457
93790
94606
94021
94815
96636
96648
97189
97344
98899
98808
98183
99244
99038
99498
100036
100374
100725
101587
101311
103113
103035
103828
103830
104321
105742
107415
107109
108565
108154
109320
110093
109675
110431
110434
111755
112118
113213
113718
114509
115065
116144
116187
116281
116341
116966
117601
118338
118239
119642
119481
120648
120552
121261
121542
123192
123494
124439
124646
126426
126432
126569
127486
128018
128342
129770
131207
130847
131862
133572
134380
135079
136270
136173
137234
137703
138355
139986
140926
140814
140870
143360
143974
145117
144499
145351
146164
147718
148009
148947
149508
150751
150364
151238
152567
153284
154059
154676
156082
155643
157404
158632
159040
160723
161665
161926
163481
162863
163650
163231
163153
163341
164838
164895
165870
167118
167000
167462
167935
168423
168548
169894
170960
171958
173018
172871
173761
175629
175946
176844
176394
176623
176032
177180
178169
177751
178246
180123
179514
181262
181302
180827
181329
181743
182608
183897
184948
184427
186138
185945
187252
189716
189722
189868
190971
190746
190435
192013
191880
191910
193081
194108
195166
196078
197197
