618208
20162
501
2733
3591
8273
15370
16909
1148
20032
7854
279
8653
5111
4515
32732
4411
23962
4979
4034
23177
10765
23715
23697
15005
3555
1356
2367
4675
1168
10657
29138
28730
9342
1321
1912
17158
23898
2240
9614
12662
2337
2507
10821
4065
17357
3779
21421
8640
29849
9624
4557
22605
21317
24642
21517
6109
5526
5981
5251
25237
4941
10939
7392
5122
14485
5580
21088
25871
19613
14701
6756
21705
28899
8433
7386
6594
14510
11355
11068
8074
12347
12575
8870
18474
7469
21891
18152
8263
18531
22106
8476
8416
22795
9055
9218
9843
9325
31223
10262
10811
9715
10312
23172
28270
10764
30497
12908
12285
11474
12718
12392
13351
19220
28471
11859
19284
13281
15037
29163
19041
14307
15134
14742
16160
14311
14190
23315
29063
16068
15064
17332
17664
15568
15588
16141
15855
31956
28830
16146
16205
16439
18195
17444
19109
20554
29680
18763
19937
19027
19544
19708
30437
21813
22016
23359
21909
21489
22124
23740
29981
22178
22247
22975
22289
23344
23858
25235
24963
25958
26220
25195
25377
30415
27442
26935
27114
27577
28012
28251
27808
31976
28106
28602
33206
32849
29065
29588
29678
28917
30301
29970
30213
32781
30339
31638
32592
30701
32242
32128
31789
32635
32453
32113
32823
33336
34165
33443
33349
34216
35303
34864
35093
36500
35215
35356
36637
37228
37267
37907
38483
38576
38900
39154
39709
39637
40589
40833
41934
42597
42459
43178
43182
43492
44877
43958
45442
45287
46101
46629
46943
47318
47594
48229
47919
48409
47971
48374
49198
48418
49906
50286
49808
50999
52552
52156
53596
52933
54366
54414
56264
55585
56213
56323
56804
56615
57711
58351
57760
59985
60685
60431
61094
60873
60660
60458
62191
61866
62481
62199
63044
64365
65029
65573
64784
65059
66021
66847
66994
66835
67931
69806
70212
71077
70082
70701
71784
73322
73262
72800
73133
74141
74766
74922
75902
76087
76560
78058
77511
77755
78399
79259
79624
79493
80055
80984
81869
82080
82736
82700
84556
84259
86117
85731
85779
86885
86407
87381
87924
89046
88422
89005
90681
91368
92213
91610
92668
94273
95009
95075
95251
96135
96747
96504
98283
98229
98423
99882
99347
99714
100202
101115
101899
103101
103172
104317
104803
105109
104968
105130
104815
106525
106680
107963
107658
108353
110333
110761
112332
113058
114064
114962
115421
115077
115229
115844
116421
115535
116183
116942
117095
119285
118953
120375
120794
121839
121587
122290
121811
122714
123370
123103
123370
123405
123762
125520
126596
126923
126987
128295
129280
130049
131884
131471
133152
132948
134417
135082
135400
137250
138608
137822
139539
139714
141048
140175
141185
142251
142126
141803
143709
142657
144417
145080
146620
145582
146894
147931
147567
148463
149087
150946
151125
150930
151718
152589
153553
154199
154190
155039
156084
157605
157880
160051
159338
160232
160748
160473
163346
163183
163989
165230
166164
166001
167488
167781
167854
169581
170626
172499
173170
173577
174579
174000
175355
175451
176111
177118
178727
179285
180408
179874
181987
182089
182247
183295
184489
184156
185333
186702
187570
188387
188891
188058
188810
190440
191865
193372
195224
196768
196530
197354
198138
199597
199593
199678
200388
200882
201458
203243
204014
203980
204316
205546
206616
206379
206663
207454
207562
209611
211544
211456
211967
213089
214608
214623
214982
216166
217302
217014
217779
218433
219364
220409
219836
221353
221506
223648
224269
225384
226770
225639
227506
227883
228465
229688
229330
230367
230032
230622
230818
232898
234026
234444
234403
236415
237053
238141
240423
241092
240813
242553
241423
243908
244707
244962
245280
247528
247929
249251
250216
251249
250640
252313
253121
254206
255333
257214
258825
260751
260981
262159
262702
263764
263693
263527
264261
266174
268834
270223
271226
272817
273322
274047
275170
275150
276016
277937
277922
278577
278416
279702
280377
281483
281685
282491
283846
283853
285188
284916
286152
286462
287391
288317
289945
290151
290971
292238
293869
294537
295378
296237
297849
298621
299167
299596
301005
302089
303859
304500
306827
306912
309187
310996
311917
312398
312352
313310
313341
315302
315171
317060
318082
318726
320352
320322
321726
323814
324414
326514
325837
327079
330085
330124
331060
330875
332170
333641
334813
333601
335453
335111
336247
336353
338156
340030
340487
341689
342364
342713
343834
345618
346731
347459
348172
348327
348827
351624
352008
352030
354180
354907
354620
354822
355642
356417
356490
358300
359901
360491
360777
361271
362357
362756
363236
364677
366001
366984
368320
369479
371740
372647
373588
375172
376363
377095
377948
380367
379987
380990
382225
384023
383527
385913
386676
388277
389962
390810
392292
393069
393542
394369
394690
396008
396553
397770
398571
399715
399998
402311
403391
402894
404965
406627
409281
409411
410671
410754
411710
414220
414785
416671
417429
417176
419573
421724
422112
424134
423066
425053
426011
427867
429869
430606
431696
434318
436107
438183
438950
440269
441411
443578
444094
445837
447193
448285
449475
450068
451861
454508
454526
455425
457695
458230
459542
461248
461636
463563
465302
465528
467202
468408
470178
472506
473256
472273
474153
474951
475881
476272
478365
480907
480902
482631
481630
484175
483881
486104
488251
488773
491390
492422
491699
492002
493880
495880
497080
498818
500163
502141
503048
505158
505976
507168
506777
508827
510143
512924
514286
516729
517150
519745
521283
523039
523172
525397
525148
527718
529769
531475
533041
533679
533652
535000
536439
536411
539212
540870
543322
542763
543594
545157
546191
546126
547623
550526
551739
552294
554446
555984
556762
558834
558247
560331
560833
562976
563561
564692
565049
565222
565616
567875
568893
570898
573222
573500
574129
574864
575730
577525
579278
580099
583592
582894
583512
583641
586349
588167
590754
591748
592678
592681
594177
596650
598796
601114
602507
603839
606400
608049
611256
612003
614338
616111
618396
620926
620331
621075
622618
625561
627150
629206
628821
631743
633449
633019
636020
637963
637752
639169
641731
644492
645762
648361
649099
649742
652228
652516
652646
653706
656695
657103
659042
659198
660079
661185
662892
663105
665435
667382
668445
668932
670295
670728
669687
671292
672830
672141
673726
675438
676429
678947
679292
679820
681571
682788
683256
684269
684775
686935
687989
689089
690730
690925
694288
696165
697607
700115
702417
704533
705214
706384
708190
710819
712188
713731
715733
718292
718436
718413
721146
721125
721339
723892
724490
725542
727653
728888
729613
731881
733087
735163
736258
737247
738992
741718
744087
744289
746835
748412
749179
750929
752690
753550
754144
755222
757496
759518
760662
764097
766329
765530
767814
769480
770441
770506
772650
774319
774760
776159
777341
