601720
5562
525
24784
291
401
150
264
6761
2561
1311
5275
21009
25692
2305
2804
13083
13707
9241
1546
1251
5882
24785
19060
5168
16960
6675
5395
13811
14264
2748
11835
4176
5175
13597
1819
6707
2245
20832
12725
26925
8205
13979
7564
24916
2377
3935
3938
3641
20155
3477
11897
20039
18975
18243
3147
6092
4321
5008
12733
27166
25549
4782
5034
21879
17483
13346
10891
7737
21321
5987
18258
13066
6498
16557
20729
8378
28016
26929
7456
7728
7712
9025
7962
8558
8088
8500
9011
8453
9567
19288
17261
9412
9311
9828
12985
10606
24615
9816
16782
11756
16070
19391
11674
11506
11745
10865
11073
25718
12063
26031
12740
18501
13349
25578
14511
19849
25940
26600
14951
14376
15711
19594
14655
15043
16170
15686
16717
15080
16601
21634
20066
22052
26205
17286
17840
18593
26729
17558
27064
18740
19714
23022
22480
22958
27031
20529
22150
26741
21440
21089
23904
23142
21783
22052
27013
23232
24105
23961
24215
23317
28053
24545
24844
24365
27446
24443
25972
25584
25129
25624
26488
26487
27361
28133
28702
28954
29240
29184
29209
29342
31151
31531
30957
31277
32352
32379
32569
32390
33262
33777
33762
34389
35689
35613
36016
35131
35433
36223
38014
38394
39522
39061
39787
39294
39645
39156
40121
40490
39487
40790
40417
40709
41779
41886
42192
43162
42654
42919
43156
43346
43091
45086
45442
45385
45828
45726
46468
46523
47559
47155
47358
48854
49189
49070
49373
50018
51174
51491
51615
52004
51833
53180
52972
53504
54622
54659
54762
54462
55656
55767
55502
56570
57713
57786
57351
58614
59093
59562
58979
60361
61246
62393
62497
62759
63072
63264
63574
63852
64888
65005
65526
65835
64994
65750
66522
67264
66749
67735
67650
69412
69568
69624
70350
71442
71358
71392
73377
73088
74176
73707
73211
74745
74296
75266
75762
75436
75315
76829
76691
76477
77977
78173
78819
79358
78829
80382
80073
80505
80614
82174
82345
82502
83156
82833
83394
85562
84528
85170
85230
86431
87665
86794
87490
87913
88219
89014
89590
90145
90358
91588
91954
91177
92034
92805
93022
92752
93448
94207
94855
95399
95982
97058
97482
97752
97443
98221
99115
99646
100227
100275
100278
100731
101724
101668
103427
103715
104150
104907
105422
105560
106514
106663
106702
107172
108286
109500
109455
109486
110355
110521
111518
112313
113561
113853
113424
114285
115058
116002
116519
117161
118410
118227
118993
119794
120083
120134
120935
121481
122718
122849
123760
124002
123695
125518
125852
126636
127087
127517
129977
130129
130560
131715
131767
133174
133357
132921
133573
136120
135937
136815
137349
137656
138411
137487
139553
138839
139586
141086
140852
141520
141318
142908
142879
144434
143895
144374
145695
145872
147079
146826
147119
149557
149151
150188
149038
150313
149239
150319
151011
151621
152020
152875
153869
154596
155342
154598
155177
156002
157612
157876
157973
158890
158964
160348
159839
160459
161916
162128
163502
164680
165506
165839
166949
169356
168433
170238
171876
172022
171855
173820
173818
175584
174595
175814
175983
177719
177984
178113
179819
178858
181109
180990
182218
181912
182300
182112
182994
184616
185483
186813
187206
187603
189322
189687
191359
192033
191931
192490
194809
196094
196696
198072
198367
197510
198723
198475
199865
200603
201550
201430
203430
203949
204544
205929
205798
207096
208579
209711
209558
211252
211802
211647
212339
213002
214563
215454
216141
215776
216501
217503
218779
218760
219126
219463
219986
221008
222190
223241
224559
226299
226799
226360
227042
228222
229340
230418
232022
231502
232625
234150
234718
235748
234865
236051
237108
237999
237616
239053
240815
241113
241711
242732
242173
242767
244345
245922
246216
248999
249377
251175
252060
253617
253472
253366
255263
256060
256394
259488
259547
260867
261271
262542
264703
266251
266874
268329
268681
268666
270462
272103
272935
274032
274826
275784
276822
277733
280051
281189
282450
283058
283750
285156
286102
287157
286524
287718
289805
291004
291876
291796
292547
294900
296313
297795
298619
300027
300916
301724
302458
303962
303614
304702
306086
305429
306533
305975
307649
306992
308125
309211
308373
310692
311736
312357
313229
315116
317434
318238
319329
321087
321642
321731
323458
324902
325417
326661
327896
328007
329064
330396
330137
330255
332579
333588
335381
334288
336365
336811
338673
339465
339607
340282
341208
341383
342897
344727
345037
346570
347943
348112
349633
350046
349819
350731
352944
354065
354175
357404
359059
358537
359260
360301
362338
364522
363493
365108
366926
368269
368463
368075
370772
371807
371935
372982
375542
377350
377916
380715
380222
381102
382478
383354
384919
386664
386257
387119
389343
390340
392164
393209
394980
395306
396552
397661
399067
399112
400125
400989
402311
403660
404886
405706
407229
407493
408369
408812
410737
412127
411974
412751
414982
417499
419065
419360
420442
421394
421792
423876
423620
424887
425099
425774
427586
428442
429855
429802
432056
432617
434284
435131
436740
436392
437022
438963
438931
440761
441340
441100
442981
443144
443859
444724
445268
446688
446509
447608
447411
449471
449048
451103
452765
453586
453938
455910
456824
456711
459844
460691
460841
462187
463730
465821
467343
470021
470677
471958
473548
475936
476784
478861
478805
481537
482908
484372
485721
487887
489203
490349
492743
494338
494579
495772
496538
497136
497735
499463
500073
501213
502207
503031
503905
506973
506896
508729
509080
511251
512449
514339
515488
518023
518535
519824
521840
522709
522943
526014
527052
529612
530432
530438
531959
533432
535038
535968
536672
537734
540552
540443
543319
543927
545479
546571
549601
548801
550316
549517
550110
551029
551256
553291
554610
556273
556634
556657
559203
560132
562374
565124
566422
567892
570346
570682
572770
572616
574915
576322
576834
578776
580522
583117
583261
584272
584328
586236
588047
588129
589679
591857
593772
594376
596751
598883
600326
601711
604431
604723
605739
607805
608931
611493
612484
613665
615181
615590
616210
618244
620439
622743
621969
624273
626489
626014
627262
628448
629657
631936
631723
633802
633030
635821
637154
639028
639725
640826
642455
643103
644016
645405
645716
646134
647819
649873
650562
651480
653229
656217
656938
657043
658487
660404
662121
663304
665562
665660
666286
667579
669267
670829
673853
674673
675342
676097
676776
678233
679201
680631
683523
683668
686827
688916
689137
691301
693419
696341
696788
698495
699335
700942
702910
703364
706056
707551
710016
712771
714031
714986
715055
716380
718084
721368
722637
724471
727106
728824
731283
733377
735525
736749
737517
737971
738320
740358
740787
742659
743217
744166
744644
744997
746063
746911
749826
749701
750550
751317
753263
755570
757292
758746
760545
761097
