604833
15806
3090
73
702
25686
21061
22704
4535
7253
2323
7169
16074
11704
15115
2391
18078
931
12510
2323
3955
8680
12453
4858
22283
11539
17352
9647
6264
1431
16872
4632
19262
7479
17878
2458
7959
17233
1873
18481
2698
2288
3989
5576
3268
3544
23364
17993
4060
17806
25760
4479
22884
12297
10664
8159
5866
22507
14072
11949
14648
11384
5818
6081
25058
5519
12819
9768
9794
6263
7770
22913
22976
14086
13279
8732
7265
10466
9382
8171
7930
17327
9314
8220
10565
25778
8874
23702
14839
26231
16148
9511
10043
11167
14179
11165
24790
16661
10960
10512
14599
16480
24977
24552
11675
27961
13191
12879
14505
12421
25407
19163
14196
13097
13554
13008
13650
13813
13916
25521
15720
15740
16017
15525
14955
15188
16434
16555
16424
16549
17299
18362
17480
19009
19496
18924
18643
21980
26738
18954
20107
20504
22413
21569
19825
21061
19951
20805
21937
21936
22239
23097
21918
23366
21532
26295
22052
23570
24382
23420
23714
24329
25344
27834
27127
24832
25362
25440
26860
26414
27082
27513
26481
27618
27333
27215
28257
28217
28155
29209
29430
29201
30512
30438
30300
30257
30590
30564
30906
31797
31702
31268
32622
32007
32265
33638
33217
34273
34251
33903
34612
34685
35736
35387
35284
35803
37407
36670
37400
37933
38727
39061
38301
38812
39033
39807
40650
40595
40199
40035
41938
42296
42086
42558
43266
42698
43115
42991
43230
44323
44262
44519
44962
45508
45814
45960
45549
46754
45584
45749
47504
46420
47963
47892
47629
48519
47619
47685
49004
49674
49078
50387
51472
51486
51835
52154
52310
53645
55287
55844
56349
56755
56766
57605
58291
57786
58533
58969
58485
58520
58722
59538
61043
59910
60811
61899
62449
61894
61680
62598
64055
63810
64148
64769
63536
64692
65068
65158
65401
65860
66394
67334
67119
67604
68625
69052
70020
70335
70609
71382
71059
70947
72408
72245
73209
73393
75367
76044
76695
76428
77537
77880
79833
79286
79748
80159
81713
80855
81774
82615
82765
82766
82878
84290
84746
84157
85918
86100
87273
86979
88914
88431
89407
89624
89836
90378
90626
89681
91289
92504
92884
92637
93677
93676
94488
94363
94066
95597
95826
97501
97739
98155
97513
99104
99599
100956
101802
102494
102405
102373
104110
104525
105348
106339
106558
107798
107591
107491
108342
108740
110377
109881
110275
109933
111941
110937
111659
113333
113513
115543
115760
115895
116769
118092
119562
119427
118894
120257
121671
121644
122856
122227
123403
123585
125126
125950
126807
127305
128000
128702
128774
130047
129905
130172
130682
131188
132058
131838
132662
134453
133832
135290
136853
137397
137285
138211
138663
138806
140357
140395
141211
143131
143099
143660
143526
143950
144014
146282
146107
146045
147507
147513
148366
149128
150055
149964
150065
151219
151555
151412
152641
153895
153978
153692
154934
155465
155564
157303
157030
158089
157341
158894
159090
160608
161784
163533
164765
164073
164783
165811
166322
166283
166439
167621
169447
169752
170214
172003
172198
172643
173886
175437
174988
176217
177401
178004
177704
178462
178988
180383
179845
180739
181805
182562
183775
184601
184460
185073
186778
186111
187578
187739
186636
188029
189006
190025
190902
191269
192309
193363
194670
195013
195224
196154
197999
198073
199693
200092
201075
202119
204089
203749
205250
206287
205642
208017
207434
209638
211059
210346
211060
212451
213605
214559
214981
215103
216342
216828
218201
219837
220432
220744
222192
222240
222890
224146
224247
225425
225424
226379
226603
227554
229821
230524
231782
231388
231673
233965
235639
236573
237374
238224
239589
240471
242223
241571
242959
244027
245603
245434
246418
247064
248569
249177
249931
251229
253755
253917
255000
254720
256595
256785
258075
258598
258497
259023
258857
260135
261553
262626
263561
264619
265316
267189
267751
269479
268956
269520
271480
272145
273265
274904
276242
277667
277733
278538
278287
279574
279573
281084
281391
283162
284364
284086
285802
286515
287878
287200
287676
289978
292536
292146
292060
294525
293705
295088
294260
295245
295981
297215
297725
300305
301332
301545
301694
301818
302715
304000
304600
305337
307203
308286
308454
309674
311220
312287
313779
316213
315181
317238
318271
317579
319032
319464
318561
320319
320484
322289
323314
323907
326225
326979
329327
330020
331673
331713
332776
333634
336180
335673
335630
337067
338545
340152
340851
341639
341773
344186
345410
346579
347961
347546
348418
350831
350849
352627
353478
355595
359251
358694
359541
360581
363031
363372
363950
364862
366168
366728
367818
368384
370297
371393
371678
374086
375216
376678
377162
378182
378573
380129
380801
381609
383779
384632
385774
386922
387567
388193
391653
392453
394402
395941
397500
397171
399184
399778
400018
401580
401973
402937
404143
406224
405788
407886
408828
409852
411540
411477
412855
414318
415439
416498
416333
417989
418289
419549
422128
421493
424015
423238
425476
426607
425764
428121
428341
430103
430620
431433
432700
432692
434534
435866
436438
438294
438241
439413
440124
442908
442500
445213
446657
446891
448374
449815
449675
450198
451147
452595
451702
452575
453726
454617
456821
457967
459205
459395
461089
463277
465702
467737
468639
470775
472237
474136
475102
474364
475378
475358
476955
478164
479106
480939
480663
482297
483897
484424
486070
486279
488078
489061
488665
489940
491908
494291
494761
496543
497904
498907
500640
502334
502009
503326
506035
506520
508639
508974
508441
509792
509852
511319
512147
513462
513833
513523
515775
516492
515843
517115
517425
517525
518454
518003
518844
519791
519492
519623
519749
520908
523049
525500
525803
527529
527667
530134
531350
532890
535260
536300
537737
540108
541106
540730
543711
543627
545811
546313
546933
548868
551175
552741
554154
554225
556429
557219
559409
561011
563504
565364
564634
566800
568562
570469
571411
573533
575270
575734
575189
576273
578487
579775
579521
580555
583061
585201
585365
585212
584949
588139
590380
591715
591999
593624
594449
595301
598811
600183
600003
602461
603964
603171
605022
608261
610043
612067
614574
615414
615808
616675
619064
618811
622549
623788
623208
626211
627000
629638
632034
633379
634764
637527
639508
641614
642877
642887
645278
647063
649303
650335
652481
654287
654826
656743
656824
660117
660646
660520
663418
664913
666955
667106
669340
669191
671563
672959
674925
676362
679041
679729
680243
680303
682902
685643
688667
688751
691554
691160
694274
694955
694858
696549
699130
701892
703266
704568
705311
707565
711133
712783
714265
716034
718051
717745
721142
722735
724651
725426
728024
729044
729082
731420
732766
732563
735588
736723
737557
740841
740293
740598
741821
743227
744191
746291
748139
750399
752549
755402
757235
757593
759779
761075
764335
